<?xml version="1.0" encoding="UTF-8"?>
<!-- Generated by org.testng.reporters.JUnitReportReporter -->
<testsuite skipped="0" hostname="AJAY-PC" name="automation.blazedemo.SeleniumTest" tests="1" failures="0" timestamp="2020-09-02T01:00:18 IST" time="10.630" errors="0">
  <testcase name="browserAutomation" time="10.630" classname="automation.blazedemo.SeleniumTest"/>
  <system-out/>
</testsuite> <!-- automation.blazedemo.SeleniumTest -->
